2022-06-11 10:09:38.241  INFO 14416 --- [restartedMain] com.quasar.OperacionQuasarApplication    : Starting OperacionQuasarApplication using Java 1.8.0_291 on ASW4918 with PID 14416 (C:\Users\framos\Documents\workspace-spring-tool-suite-4-4.6.2.RELEASE\operacion-quasar\target\classes started by framos in C:\Users\framos\Documents\workspace-spring-tool-suite-4-4.6.2.RELEASE\operacion-quasar)
2022-06-11 10:09:38.248  INFO 14416 --- [restartedMain] com.quasar.OperacionQuasarApplication    : No active profile set, falling back to 1 default profile: "default"
2022-06-11 10:09:38.304  INFO 14416 --- [restartedMain] o.s.b.devtools.restart.ChangeableUrls    : The Class-Path manifest attribute in C:\Users\framos\.m2\repository\com\oracle\database\jdbc\ojdbc8\21.5.0.0\ojdbc8-21.5.0.0.jar referenced one or more files that do not exist: file:/C:/Users/framos/.m2/repository/com/oracle/database/jdbc/ojdbc8/21.5.0.0/oraclepki.jar
2022-06-11 10:09:38.306  INFO 14416 --- [restartedMain] .e.DevToolsPropertyDefaultsPostProcessor : Devtools property defaults active! Set 'spring.devtools.add-properties' to 'false' to disable
2022-06-11 10:09:38.306  INFO 14416 --- [restartedMain] .e.DevToolsPropertyDefaultsPostProcessor : For additional web related logging consider setting the 'logging.level.web' property to 'DEBUG'
2022-06-11 10:09:38.973  INFO 14416 --- [restartedMain] .s.d.r.c.RepositoryConfigurationDelegate : Bootstrapping Spring Data JPA repositories in DEFAULT mode.
2022-06-11 10:09:39.031  INFO 14416 --- [restartedMain] .s.d.r.c.RepositoryConfigurationDelegate : Finished Spring Data repository scanning in 49 ms. Found 1 JPA repository interfaces.
2022-06-11 10:09:39.685  INFO 14416 --- [restartedMain] o.s.b.w.embedded.tomcat.TomcatWebServer  : Tomcat initialized with port(s): 8082 (http)
2022-06-11 10:09:39.707  INFO 14416 --- [restartedMain] o.apache.catalina.core.StandardService   : Starting service [Tomcat]
2022-06-11 10:09:39.709  INFO 14416 --- [restartedMain] org.apache.catalina.core.StandardEngine  : Starting Servlet engine: [Apache Tomcat/9.0.63]
2022-06-11 10:09:39.933  INFO 14416 --- [restartedMain] o.a.c.c.C.[Tomcat].[localhost].[/]       : Initializing Spring embedded WebApplicationContext
2022-06-11 10:09:39.934  INFO 14416 --- [restartedMain] w.s.c.ServletWebServerApplicationContext : Root WebApplicationContext: initialization completed in 1628 ms
2022-06-11 10:09:40.108  INFO 14416 --- [restartedMain] com.zaxxer.hikari.HikariDataSource       : HikariPool-1 - Starting...
2022-06-11 10:09:40.461  INFO 14416 --- [restartedMain] com.zaxxer.hikari.HikariDataSource       : HikariPool-1 - Start completed.
2022-06-11 10:09:40.487  INFO 14416 --- [restartedMain] o.s.b.a.h2.H2ConsoleAutoConfiguration    : H2 console available at '/h2-console'. Database available at 'jdbc:mysql://localhost:3306/alianza?useSSL=false'
2022-06-11 10:09:41.060  INFO 14416 --- [restartedMain] o.hibernate.jpa.internal.util.LogHelper  : HHH000204: Processing PersistenceUnitInfo [name: default]
2022-06-11 10:09:41.204  INFO 14416 --- [restartedMain] org.hibernate.Version                    : HHH000412: Hibernate ORM core version 5.6.9.Final
2022-06-11 10:09:41.655  INFO 14416 --- [restartedMain] o.hibernate.annotations.common.Version   : HCANN000001: Hibernate Commons Annotations {5.1.2.Final}
2022-06-11 10:09:41.960  INFO 14416 --- [restartedMain] org.hibernate.dialect.Dialect            : HHH000400: Using dialect: org.hibernate.dialect.MySQL57Dialect
2022-06-11 10:09:43.165  INFO 14416 --- [restartedMain] o.h.e.t.j.p.i.JtaPlatformInitiator       : HHH000490: Using JtaPlatform implementation: [org.hibernate.engine.transaction.jta.platform.internal.NoJtaPlatform]
2022-06-11 10:09:43.191  INFO 14416 --- [restartedMain] j.LocalContainerEntityManagerFactoryBean : Initialized JPA EntityManagerFactory for persistence unit 'default'
2022-06-11 10:09:44.237  WARN 14416 --- [restartedMain] JpaBaseConfiguration$JpaWebConfiguration : spring.jpa.open-in-view is enabled by default. Therefore, database queries may be performed during view rendering. Explicitly configure spring.jpa.open-in-view to disable this warning
2022-06-11 10:09:44.983  INFO 14416 --- [restartedMain] o.s.b.d.a.OptionalLiveReloadServer       : LiveReload server is running on port 35729
2022-06-11 10:09:45.089  INFO 14416 --- [restartedMain] o.s.b.w.embedded.tomcat.TomcatWebServer  : Tomcat started on port(s): 8082 (http) with context path ''
2022-06-11 10:09:45.120  INFO 14416 --- [restartedMain] com.quasar.OperacionQuasarApplication    : Started OperacionQuasarApplication in 7.237 seconds (JVM running for 8.482)
2022-06-11 10:09:50.052  INFO 14416 --- [http-nio-8082-exec-2] o.a.c.c.C.[Tomcat].[localhost].[/]       : Initializing Spring DispatcherServlet 'dispatcherServlet'
2022-06-11 10:09:50.053  INFO 14416 --- [http-nio-8082-exec-2] o.s.web.servlet.DispatcherServlet        : Initializing Servlet 'dispatcherServlet'
2022-06-11 10:09:50.057  INFO 14416 --- [http-nio-8082-exec-2] o.s.web.servlet.DispatcherServlet        : Completed initialization in 3 ms
2022-06-11 10:09:50.593  WARN 14416 --- [http-nio-8082-exec-2] .m.m.a.ExceptionHandlerExceptionResolver : Resolved [java.lang.NullPointerException]
2022-06-11 10:10:41.192  INFO 14416 --- [RMI TCP Connection(2)-127.0.0.1] inMXBeanRegistrar$SpringApplicationAdmin : Application shutdown requested.
2022-06-11 10:10:41.440  INFO 14416 --- [RMI TCP Connection(2)-127.0.0.1] j.LocalContainerEntityManagerFactoryBean : Closing JPA EntityManagerFactory for persistence unit 'default'
2022-06-11 10:10:41.444  INFO 14416 --- [RMI TCP Connection(2)-127.0.0.1] com.zaxxer.hikari.HikariDataSource       : HikariPool-1 - Shutdown initiated...
2022-06-11 10:10:41.451  INFO 14416 --- [RMI TCP Connection(2)-127.0.0.1] com.zaxxer.hikari.HikariDataSource       : HikariPool-1 - Shutdown completed.
2022-06-11 10:10:50.326  INFO 18480 --- [restartedMain] com.quasar.OperacionQuasarApplication    : Starting OperacionQuasarApplication using Java 1.8.0_291 on ASW4918 with PID 18480 (C:\Users\framos\Documents\workspace-spring-tool-suite-4-4.6.2.RELEASE\operacion-quasar\target\classes started by framos in C:\Users\framos\Documents\workspace-spring-tool-suite-4-4.6.2.RELEASE\operacion-quasar)
2022-06-11 10:10:50.328  INFO 18480 --- [restartedMain] com.quasar.OperacionQuasarApplication    : No active profile set, falling back to 1 default profile: "default"
2022-06-11 10:10:50.394  INFO 18480 --- [restartedMain] o.s.b.devtools.restart.ChangeableUrls    : The Class-Path manifest attribute in C:\Users\framos\.m2\repository\com\oracle\database\jdbc\ojdbc8\21.5.0.0\ojdbc8-21.5.0.0.jar referenced one or more files that do not exist: file:/C:/Users/framos/.m2/repository/com/oracle/database/jdbc/ojdbc8/21.5.0.0/oraclepki.jar
2022-06-11 10:10:50.394  INFO 18480 --- [restartedMain] .e.DevToolsPropertyDefaultsPostProcessor : Devtools property defaults active! Set 'spring.devtools.add-properties' to 'false' to disable
2022-06-11 10:10:50.394  INFO 18480 --- [restartedMain] .e.DevToolsPropertyDefaultsPostProcessor : For additional web related logging consider setting the 'logging.level.web' property to 'DEBUG'
2022-06-11 10:10:51.274  INFO 18480 --- [restartedMain] .s.d.r.c.RepositoryConfigurationDelegate : Bootstrapping Spring Data JPA repositories in DEFAULT mode.
2022-06-11 10:10:51.411  INFO 18480 --- [restartedMain] .s.d.r.c.RepositoryConfigurationDelegate : Finished Spring Data repository scanning in 118 ms. Found 1 JPA repository interfaces.
2022-06-11 10:10:52.309  INFO 18480 --- [restartedMain] o.s.b.w.embedded.tomcat.TomcatWebServer  : Tomcat initialized with port(s): 8082 (http)
2022-06-11 10:10:52.322  INFO 18480 --- [restartedMain] o.apache.catalina.core.StandardService   : Starting service [Tomcat]
2022-06-11 10:10:52.322  INFO 18480 --- [restartedMain] org.apache.catalina.core.StandardEngine  : Starting Servlet engine: [Apache Tomcat/9.0.63]
2022-06-11 10:10:52.436  INFO 18480 --- [restartedMain] o.a.c.c.C.[Tomcat].[localhost].[/]       : Initializing Spring embedded WebApplicationContext
2022-06-11 10:10:52.436  INFO 18480 --- [restartedMain] w.s.c.ServletWebServerApplicationContext : Root WebApplicationContext: initialization completed in 2041 ms
2022-06-11 10:10:52.554  INFO 18480 --- [restartedMain] com.zaxxer.hikari.HikariDataSource       : HikariPool-1 - Starting...
2022-06-11 10:10:52.775  INFO 18480 --- [restartedMain] com.zaxxer.hikari.HikariDataSource       : HikariPool-1 - Start completed.
2022-06-11 10:10:52.788  INFO 18480 --- [restartedMain] o.s.b.a.h2.H2ConsoleAutoConfiguration    : H2 console available at '/h2-console'. Database available at 'jdbc:mysql://localhost:3306/alianza?useSSL=false'
2022-06-11 10:10:53.012  INFO 18480 --- [restartedMain] o.hibernate.jpa.internal.util.LogHelper  : HHH000204: Processing PersistenceUnitInfo [name: default]
2022-06-11 10:10:53.066  INFO 18480 --- [restartedMain] org.hibernate.Version                    : HHH000412: Hibernate ORM core version 5.6.9.Final
2022-06-11 10:10:53.237  INFO 18480 --- [restartedMain] o.hibernate.annotations.common.Version   : HCANN000001: Hibernate Commons Annotations {5.1.2.Final}
2022-06-11 10:10:53.400  INFO 18480 --- [restartedMain] org.hibernate.dialect.Dialect            : HHH000400: Using dialect: org.hibernate.dialect.MySQL57Dialect
2022-06-11 10:10:54.017  INFO 18480 --- [restartedMain] o.h.e.t.j.p.i.JtaPlatformInitiator       : HHH000490: Using JtaPlatform implementation: [org.hibernate.engine.transaction.jta.platform.internal.NoJtaPlatform]
2022-06-11 10:10:54.032  INFO 18480 --- [restartedMain] j.LocalContainerEntityManagerFactoryBean : Initialized JPA EntityManagerFactory for persistence unit 'default'
2022-06-11 10:10:58.104  WARN 18480 --- [restartedMain] JpaBaseConfiguration$JpaWebConfiguration : spring.jpa.open-in-view is enabled by default. Therefore, database queries may be performed during view rendering. Explicitly configure spring.jpa.open-in-view to disable this warning
2022-06-11 10:11:31.431  INFO 18480 --- [restartedMain] o.s.b.d.a.OptionalLiveReloadServer       : LiveReload server is running on port 35729
2022-06-11 10:11:33.973  INFO 18480 --- [restartedMain] o.s.b.w.embedded.tomcat.TomcatWebServer  : Tomcat started on port(s): 8082 (http) with context path ''
2022-06-11 10:11:34.726  INFO 18480 --- [restartedMain] com.quasar.OperacionQuasarApplication    : Started OperacionQuasarApplication in 44.87 seconds (JVM running for 46.417)
2022-06-11 10:11:41.321  INFO 18480 --- [http-nio-8082-exec-1] o.a.c.c.C.[Tomcat].[localhost].[/]       : Initializing Spring DispatcherServlet 'dispatcherServlet'
2022-06-11 10:11:41.324  INFO 18480 --- [http-nio-8082-exec-1] o.s.web.servlet.DispatcherServlet        : Initializing Servlet 'dispatcherServlet'
2022-06-11 10:11:41.545  INFO 18480 --- [http-nio-8082-exec-1] o.s.web.servlet.DispatcherServlet        : Completed initialization in 219 ms
2022-06-11 10:12:34.042  WARN 18480 --- [http-nio-8082-exec-1] .m.m.a.ExceptionHandlerExceptionResolver : Resolved [java.lang.NullPointerException]
2022-06-11 10:13:08.780  WARN 18480 --- [http-nio-8082-exec-4] .m.m.a.ExceptionHandlerExceptionResolver : Resolved [java.lang.NullPointerException]
2022-06-11 10:14:44.872  WARN 18480 --- [http-nio-8082-exec-6] .m.m.a.ExceptionHandlerExceptionResolver : Resolved [java.lang.NullPointerException]
2022-06-11 10:15:59.002  WARN 18480 --- [http-nio-8082-exec-8] .m.m.a.ExceptionHandlerExceptionResolver : Resolved [java.lang.NullPointerException]
2022-06-11 10:16:43.808  INFO 21812 --- [restartedMain] com.quasar.OperacionQuasarApplication    : Starting OperacionQuasarApplication using Java 1.8.0_291 on ASW4918 with PID 21812 (C:\Users\framos\Documents\workspace-spring-tool-suite-4-4.6.2.RELEASE\operacion-quasar\target\classes started by framos in C:\Users\framos\Documents\workspace-spring-tool-suite-4-4.6.2.RELEASE\operacion-quasar)
2022-06-11 10:16:43.810  INFO 21812 --- [restartedMain] com.quasar.OperacionQuasarApplication    : No active profile set, falling back to 1 default profile: "default"
2022-06-11 10:16:43.870  INFO 21812 --- [restartedMain] o.s.b.devtools.restart.ChangeableUrls    : The Class-Path manifest attribute in C:\Users\framos\.m2\repository\com\oracle\database\jdbc\ojdbc8\21.5.0.0\ojdbc8-21.5.0.0.jar referenced one or more files that do not exist: file:/C:/Users/framos/.m2/repository/com/oracle/database/jdbc/ojdbc8/21.5.0.0/oraclepki.jar
2022-06-11 10:16:43.870  INFO 21812 --- [restartedMain] .e.DevToolsPropertyDefaultsPostProcessor : Devtools property defaults active! Set 'spring.devtools.add-properties' to 'false' to disable
2022-06-11 10:16:43.871  INFO 21812 --- [restartedMain] .e.DevToolsPropertyDefaultsPostProcessor : For additional web related logging consider setting the 'logging.level.web' property to 'DEBUG'
2022-06-11 10:16:44.627  INFO 21812 --- [restartedMain] .s.d.r.c.RepositoryConfigurationDelegate : Bootstrapping Spring Data JPA repositories in DEFAULT mode.
2022-06-11 10:16:44.727  INFO 21812 --- [restartedMain] .s.d.r.c.RepositoryConfigurationDelegate : Finished Spring Data repository scanning in 87 ms. Found 1 JPA repository interfaces.
2022-06-11 10:16:45.476  INFO 21812 --- [restartedMain] o.s.b.w.embedded.tomcat.TomcatWebServer  : Tomcat initialized with port(s): 8082 (http)
2022-06-11 10:16:45.496  INFO 21812 --- [restartedMain] o.apache.catalina.core.StandardService   : Starting service [Tomcat]
2022-06-11 10:16:45.496  INFO 21812 --- [restartedMain] org.apache.catalina.core.StandardEngine  : Starting Servlet engine: [Apache Tomcat/9.0.63]
2022-06-11 10:16:45.633  INFO 21812 --- [restartedMain] o.a.c.c.C.[Tomcat].[localhost].[/]       : Initializing Spring embedded WebApplicationContext
2022-06-11 10:16:45.633  INFO 21812 --- [restartedMain] w.s.c.ServletWebServerApplicationContext : Root WebApplicationContext: initialization completed in 1762 ms
2022-06-11 10:16:45.708  INFO 21812 --- [restartedMain] com.zaxxer.hikari.HikariDataSource       : HikariPool-1 - Starting...
2022-06-11 10:16:45.912  INFO 21812 --- [restartedMain] com.zaxxer.hikari.HikariDataSource       : HikariPool-1 - Start completed.
2022-06-11 10:16:45.931  INFO 21812 --- [restartedMain] o.s.b.a.h2.H2ConsoleAutoConfiguration    : H2 console available at '/h2-console'. Database available at 'jdbc:mysql://localhost:3306/alianza?useSSL=false'
2022-06-11 10:16:46.143  INFO 21812 --- [restartedMain] o.hibernate.jpa.internal.util.LogHelper  : HHH000204: Processing PersistenceUnitInfo [name: default]
2022-06-11 10:16:46.207  INFO 21812 --- [restartedMain] org.hibernate.Version                    : HHH000412: Hibernate ORM core version 5.6.9.Final
2022-06-11 10:16:46.373  INFO 21812 --- [restartedMain] o.hibernate.annotations.common.Version   : HCANN000001: Hibernate Commons Annotations {5.1.2.Final}
2022-06-11 10:16:46.491  INFO 21812 --- [restartedMain] org.hibernate.dialect.Dialect            : HHH000400: Using dialect: org.hibernate.dialect.MySQL57Dialect
2022-06-11 10:16:47.085  INFO 21812 --- [restartedMain] o.h.e.t.j.p.i.JtaPlatformInitiator       : HHH000490: Using JtaPlatform implementation: [org.hibernate.engine.transaction.jta.platform.internal.NoJtaPlatform]
2022-06-11 10:16:47.096  INFO 21812 --- [restartedMain] j.LocalContainerEntityManagerFactoryBean : Initialized JPA EntityManagerFactory for persistence unit 'default'
2022-06-11 10:16:50.787  WARN 21812 --- [restartedMain] JpaBaseConfiguration$JpaWebConfiguration : spring.jpa.open-in-view is enabled by default. Therefore, database queries may be performed during view rendering. Explicitly configure spring.jpa.open-in-view to disable this warning
2022-06-11 10:17:21.434  INFO 21812 --- [restartedMain] o.s.b.d.a.OptionalLiveReloadServer       : LiveReload server is running on port 35729
2022-06-11 10:17:32.642  INFO 21812 --- [restartedMain] o.s.b.w.embedded.tomcat.TomcatWebServer  : Tomcat started on port(s): 8082 (http) with context path ''
2022-06-11 10:17:36.426  INFO 21812 --- [restartedMain] com.quasar.OperacionQuasarApplication    : Started OperacionQuasarApplication in 53.151 seconds (JVM running for 54.609)
2022-06-11 10:18:02.785  INFO 21812 --- [http-nio-8082-exec-1] o.a.c.c.C.[Tomcat].[localhost].[/]       : Initializing Spring DispatcherServlet 'dispatcherServlet'
2022-06-11 10:18:02.794  INFO 21812 --- [http-nio-8082-exec-1] o.s.web.servlet.DispatcherServlet        : Initializing Servlet 'dispatcherServlet'
2022-06-11 10:18:04.262  INFO 21812 --- [http-nio-8082-exec-1] o.s.web.servlet.DispatcherServlet        : Completed initialization in 1437 ms
2022-06-11 10:18:46.417  INFO 21812 --- [http-nio-8082-exec-1] c.quasar.controller.LocationController   : sateliteSplitDto.getDistance() 100.0
2022-06-11 10:22:14.931  INFO 25820 --- [restartedMain] com.quasar.OperacionQuasarApplication    : Starting OperacionQuasarApplication using Java 1.8.0_291 on ASW4918 with PID 25820 (C:\Users\framos\Documents\workspace-spring-tool-suite-4-4.6.2.RELEASE\operacion-quasar\target\classes started by framos in C:\Users\framos\Documents\workspace-spring-tool-suite-4-4.6.2.RELEASE\operacion-quasar)
2022-06-11 10:22:14.933  INFO 25820 --- [restartedMain] com.quasar.OperacionQuasarApplication    : No active profile set, falling back to 1 default profile: "default"
2022-06-11 10:22:15.030  INFO 25820 --- [restartedMain] o.s.b.devtools.restart.ChangeableUrls    : The Class-Path manifest attribute in C:\Users\framos\.m2\repository\com\oracle\database\jdbc\ojdbc8\21.5.0.0\ojdbc8-21.5.0.0.jar referenced one or more files that do not exist: file:/C:/Users/framos/.m2/repository/com/oracle/database/jdbc/ojdbc8/21.5.0.0/oraclepki.jar
2022-06-11 10:22:15.031  INFO 25820 --- [restartedMain] .e.DevToolsPropertyDefaultsPostProcessor : Devtools property defaults active! Set 'spring.devtools.add-properties' to 'false' to disable
2022-06-11 10:22:15.031  INFO 25820 --- [restartedMain] .e.DevToolsPropertyDefaultsPostProcessor : For additional web related logging consider setting the 'logging.level.web' property to 'DEBUG'
2022-06-11 10:22:15.914  INFO 25820 --- [restartedMain] .s.d.r.c.RepositoryConfigurationDelegate : Bootstrapping Spring Data JPA repositories in DEFAULT mode.
2022-06-11 10:22:16.033  INFO 25820 --- [restartedMain] .s.d.r.c.RepositoryConfigurationDelegate : Finished Spring Data repository scanning in 98 ms. Found 1 JPA repository interfaces.
2022-06-11 10:22:16.812  INFO 25820 --- [restartedMain] o.s.b.w.embedded.tomcat.TomcatWebServer  : Tomcat initialized with port(s): 8082 (http)
2022-06-11 10:22:16.825  INFO 25820 --- [restartedMain] o.apache.catalina.core.StandardService   : Starting service [Tomcat]
2022-06-11 10:22:16.826  INFO 25820 --- [restartedMain] org.apache.catalina.core.StandardEngine  : Starting Servlet engine: [Apache Tomcat/9.0.63]
2022-06-11 10:22:16.970  INFO 25820 --- [restartedMain] o.a.c.c.C.[Tomcat].[localhost].[/]       : Initializing Spring embedded WebApplicationContext
2022-06-11 10:22:16.970  INFO 25820 --- [restartedMain] w.s.c.ServletWebServerApplicationContext : Root WebApplicationContext: initialization completed in 1938 ms
2022-06-11 10:22:17.069  INFO 25820 --- [restartedMain] com.zaxxer.hikari.HikariDataSource       : HikariPool-1 - Starting...
2022-06-11 10:22:17.280  INFO 25820 --- [restartedMain] com.zaxxer.hikari.HikariDataSource       : HikariPool-1 - Start completed.
2022-06-11 10:22:17.296  INFO 25820 --- [restartedMain] o.s.b.a.h2.H2ConsoleAutoConfiguration    : H2 console available at '/h2-console'. Database available at 'jdbc:mysql://localhost:3306/alianza?useSSL=false'
2022-06-11 10:22:17.554  INFO 25820 --- [restartedMain] o.hibernate.jpa.internal.util.LogHelper  : HHH000204: Processing PersistenceUnitInfo [name: default]
2022-06-11 10:22:17.606  INFO 25820 --- [restartedMain] org.hibernate.Version                    : HHH000412: Hibernate ORM core version 5.6.9.Final
2022-06-11 10:22:17.783  INFO 25820 --- [restartedMain] o.hibernate.annotations.common.Version   : HCANN000001: Hibernate Commons Annotations {5.1.2.Final}
2022-06-11 10:22:17.944  INFO 25820 --- [restartedMain] org.hibernate.dialect.Dialect            : HHH000400: Using dialect: org.hibernate.dialect.MySQL57Dialect
2022-06-11 10:22:18.648  INFO 25820 --- [restartedMain] o.h.e.t.j.p.i.JtaPlatformInitiator       : HHH000490: Using JtaPlatform implementation: [org.hibernate.engine.transaction.jta.platform.internal.NoJtaPlatform]
2022-06-11 10:22:18.662  INFO 25820 --- [restartedMain] j.LocalContainerEntityManagerFactoryBean : Initialized JPA EntityManagerFactory for persistence unit 'default'
2022-06-11 10:22:22.624  WARN 25820 --- [restartedMain] JpaBaseConfiguration$JpaWebConfiguration : spring.jpa.open-in-view is enabled by default. Therefore, database queries may be performed during view rendering. Explicitly configure spring.jpa.open-in-view to disable this warning
2022-06-11 10:22:43.032  INFO 25820 --- [restartedMain] o.s.b.d.a.OptionalLiveReloadServer       : LiveReload server is running on port 35729
2022-06-11 10:22:45.287  INFO 25820 --- [restartedMain] o.s.b.w.embedded.tomcat.TomcatWebServer  : Tomcat started on port(s): 8082 (http) with context path ''
2022-06-11 10:22:46.183  INFO 25820 --- [restartedMain] com.quasar.OperacionQuasarApplication    : Started OperacionQuasarApplication in 31.861 seconds (JVM running for 33.454)
2022-06-11 10:23:20.007  INFO 25820 --- [http-nio-8082-exec-2] o.a.c.c.C.[Tomcat].[localhost].[/]       : Initializing Spring DispatcherServlet 'dispatcherServlet'
2022-06-11 10:23:20.049  INFO 25820 --- [http-nio-8082-exec-2] o.s.web.servlet.DispatcherServlet        : Initializing Servlet 'dispatcherServlet'
2022-06-11 10:23:21.014  INFO 25820 --- [http-nio-8082-exec-2] o.s.web.servlet.DispatcherServlet        : Completed initialization in 927 ms
2022-06-11 10:24:48.830  INFO 25820 --- [http-nio-8082-exec-2] c.quasar.controller.LocationController   : sateliteSplitDto.getDistance() 100.0
2022-06-11 10:24:55.972  WARN 25820 --- [http-nio-8082-exec-2] .m.m.a.ExceptionHandlerExceptionResolver : Resolved [java.lang.IllegalArgumentException: Need at least two positions.]
2022-06-11 10:28:30.229  INFO 17168 --- [restartedMain] com.quasar.OperacionQuasarApplication    : Starting OperacionQuasarApplication using Java 1.8.0_291 on ASW4918 with PID 17168 (C:\Users\framos\Documents\workspace-spring-tool-suite-4-4.6.2.RELEASE\operacion-quasar\target\classes started by framos in C:\Users\framos\Documents\workspace-spring-tool-suite-4-4.6.2.RELEASE\operacion-quasar)
2022-06-11 10:28:30.230  INFO 17168 --- [restartedMain] com.quasar.OperacionQuasarApplication    : No active profile set, falling back to 1 default profile: "default"
2022-06-11 10:28:30.270  INFO 17168 --- [restartedMain] o.s.b.devtools.restart.ChangeableUrls    : The Class-Path manifest attribute in C:\Users\framos\.m2\repository\com\oracle\database\jdbc\ojdbc8\21.5.0.0\ojdbc8-21.5.0.0.jar referenced one or more files that do not exist: file:/C:/Users/framos/.m2/repository/com/oracle/database/jdbc/ojdbc8/21.5.0.0/oraclepki.jar
2022-06-11 10:28:30.270  INFO 17168 --- [restartedMain] .e.DevToolsPropertyDefaultsPostProcessor : Devtools property defaults active! Set 'spring.devtools.add-properties' to 'false' to disable
2022-06-11 10:28:30.270  INFO 17168 --- [restartedMain] .e.DevToolsPropertyDefaultsPostProcessor : For additional web related logging consider setting the 'logging.level.web' property to 'DEBUG'
2022-06-11 10:28:30.876  INFO 17168 --- [restartedMain] .s.d.r.c.RepositoryConfigurationDelegate : Bootstrapping Spring Data JPA repositories in DEFAULT mode.
2022-06-11 10:28:30.924  INFO 17168 --- [restartedMain] .s.d.r.c.RepositoryConfigurationDelegate : Finished Spring Data repository scanning in 41 ms. Found 1 JPA repository interfaces.
2022-06-11 10:28:31.494  INFO 17168 --- [restartedMain] o.s.b.w.embedded.tomcat.TomcatWebServer  : Tomcat initialized with port(s): 8082 (http)
2022-06-11 10:28:31.502  INFO 17168 --- [restartedMain] o.apache.catalina.core.StandardService   : Starting service [Tomcat]
2022-06-11 10:28:31.502  INFO 17168 --- [restartedMain] org.apache.catalina.core.StandardEngine  : Starting Servlet engine: [Apache Tomcat/9.0.63]
2022-06-11 10:28:31.609  INFO 17168 --- [restartedMain] o.a.c.c.C.[Tomcat].[localhost].[/]       : Initializing Spring embedded WebApplicationContext
2022-06-11 10:28:31.610  INFO 17168 --- [restartedMain] w.s.c.ServletWebServerApplicationContext : Root WebApplicationContext: initialization completed in 1339 ms
2022-06-11 10:28:31.700  INFO 17168 --- [restartedMain] com.zaxxer.hikari.HikariDataSource       : HikariPool-1 - Starting...
2022-06-11 10:28:31.840  INFO 17168 --- [restartedMain] com.zaxxer.hikari.HikariDataSource       : HikariPool-1 - Start completed.
2022-06-11 10:28:31.849  INFO 17168 --- [restartedMain] o.s.b.a.h2.H2ConsoleAutoConfiguration    : H2 console available at '/h2-console'. Database available at 'jdbc:mysql://localhost:3306/alianza?useSSL=false'
2022-06-11 10:28:32.032  INFO 17168 --- [restartedMain] o.hibernate.jpa.internal.util.LogHelper  : HHH000204: Processing PersistenceUnitInfo [name: default]
2022-06-11 10:28:32.066  INFO 17168 --- [restartedMain] org.hibernate.Version                    : HHH000412: Hibernate ORM core version 5.6.9.Final
2022-06-11 10:28:32.176  INFO 17168 --- [restartedMain] o.hibernate.annotations.common.Version   : HCANN000001: Hibernate Commons Annotations {5.1.2.Final}
2022-06-11 10:28:32.253  INFO 17168 --- [restartedMain] org.hibernate.dialect.Dialect            : HHH000400: Using dialect: org.hibernate.dialect.MySQL57Dialect
2022-06-11 10:28:32.683  INFO 17168 --- [restartedMain] o.h.e.t.j.p.i.JtaPlatformInitiator       : HHH000490: Using JtaPlatform implementation: [org.hibernate.engine.transaction.jta.platform.internal.NoJtaPlatform]
2022-06-11 10:28:32.692  INFO 17168 --- [restartedMain] j.LocalContainerEntityManagerFactoryBean : Initialized JPA EntityManagerFactory for persistence unit 'default'
2022-06-11 10:28:33.058  WARN 17168 --- [restartedMain] JpaBaseConfiguration$JpaWebConfiguration : spring.jpa.open-in-view is enabled by default. Therefore, database queries may be performed during view rendering. Explicitly configure spring.jpa.open-in-view to disable this warning
2022-06-11 10:28:33.425  INFO 17168 --- [restartedMain] o.s.b.d.a.OptionalLiveReloadServer       : LiveReload server is running on port 35729
2022-06-11 10:28:33.457  INFO 17168 --- [restartedMain] o.s.b.w.embedded.tomcat.TomcatWebServer  : Tomcat started on port(s): 8082 (http) with context path ''
2022-06-11 10:28:33.467  INFO 17168 --- [restartedMain] com.quasar.OperacionQuasarApplication    : Started OperacionQuasarApplication in 3.543 seconds (JVM running for 4.449)
2022-06-11 10:28:42.891  INFO 17168 --- [http-nio-8082-exec-1] o.a.c.c.C.[Tomcat].[localhost].[/]       : Initializing Spring DispatcherServlet 'dispatcherServlet'
2022-06-11 10:28:42.892  INFO 17168 --- [http-nio-8082-exec-1] o.s.web.servlet.DispatcherServlet        : Initializing Servlet 'dispatcherServlet'
2022-06-11 10:28:42.897  INFO 17168 --- [http-nio-8082-exec-1] o.s.web.servlet.DispatcherServlet        : Completed initialization in 4 ms
2022-06-11 10:28:43.433  WARN 17168 --- [http-nio-8082-exec-1] .m.m.a.ExceptionHandlerExceptionResolver : Resolved [java.lang.IllegalArgumentException: Need at least two positions.]
2022-06-11 10:30:20.045  WARN 17168 --- [http-nio-8082-exec-5] .m.m.a.ExceptionHandlerExceptionResolver : Resolved [java.lang.IllegalArgumentException: Need at least two positions.]
